C51 COMPILER V9.01   1                                                                     10/29/2024 22:46:34 PAGE 1   


C51 COMPILER V9.01, COMPILATION OF MODULE 1
OBJECT MODULE PLACED IN 1.OBJ
COMPILER INVOKED BY: F:\keil\C51\BIN\C51.EXE 1.c BROWSE DEBUG OBJECTEXTEND

line level    source

   1          #include <reg51.h>              //包含头文件reg51.h
   2          #define  OFF   1                    //OFF表示灯灭
   3          #define  ON     0                               //ON表示灯亮
   4          unsigned int a[9]={1,2,3,4,0,4,3,2,1};                   
   5          unsigned char key=0;
   6          sbit   light=P1^0;                  //灯泡连接至P1.0
   7          sbit   light_up=P0^0;            //亮度加强按键连接P0.0
   8                //亮度减弱按键连接P0.1
   9          
  10          void delay(unsigned int i)     // 延时函数 
  11          {   unsigned  int k;
  12   1          for(k=0 ; k<i; k++)  ;   }
  13          
  14          void main()                     //主函数
  15          { int i ,j;
  16   1         i=0;j=500;                                    //灯最暗时的延时参数初值
  17   1         while(1) { light=ON; delay(i);   //灯亮，延时
  18   2                 light=OFF; delay(j);          //灯灭，延时
  19   2                 light_up = 1; //
  20   2              if(light_up==0)                  //按键按下？
  21   2                  {  delay(100);                      //去抖动
  22   3                 if(light_up==0)                               //再次判断按键按下                  
  23   3                 if(a[key]==1) {i=500;j=0;};
  24   3                 if(a[key]==2) {i=375;j=125;};
  25   3                 if(a[key]==3) {i=250;j=250;};
  26   3                 if(a[key]==4) {i=125;j=375;};
  27   3                 if(a[key]==0) {i=0;j=500;};
  28   3                  key++;
  29   3                      if(key==9)       {key=0;};
  30   3                 while(!light_up);
  31   3                 delay(1200); }
  32   2                      }
  33   1      }  
  34          
  35          
  36          
  37          


MODULE INFORMATION:   STATIC OVERLAYABLE
   CODE SIZE        =    165    ----
   CONSTANT SIZE    =   ----    ----
   XDATA SIZE       =   ----    ----
   PDATA SIZE       =   ----    ----
   DATA SIZE        =     19    ----
   IDATA SIZE       =   ----    ----
   BIT SIZE         =   ----    ----
END OF MODULE INFORMATION.


C51 COMPILATION COMPLETE.  0 WARNING(S),  0 ERROR(S)
